\BOOKMARK [1][-]{section.1}{Introduction}{}% 1
\BOOKMARK [1][-]{section.2}{Lack of SIMD programmability for web applications}{}% 2
\BOOKMARK [1][-]{section.3}{Bringing SIMD to the Web}{}% 3
\BOOKMARK [2][-]{subsection.3.1}{Primitive Operations}{section.3}% 4
\BOOKMARK [2][-]{subsection.3.2}{Type Conversion}{section.3}% 5
\BOOKMARK [2][-]{subsection.3.3}{Comparison and Branchless Selection}{section.3}% 6
\BOOKMARK [2][-]{subsection.3.4}{Lane Access and Shuffling}{section.3}% 7
\BOOKMARK [2][-]{subsection.3.5}{Memory I/O}{section.3}% 8
\BOOKMARK [2][-]{subsection.3.6}{Mapping from high level to low level}{section.3}% 9
\BOOKMARK [1][-]{section.4}{Dart VM and V8 implementation}{}% 10
\BOOKMARK [2][-]{subsection.4.1}{Unoptimized Code}{section.4}% 11
\BOOKMARK [2][-]{subsection.4.2}{Type Collection}{section.4}% 12
\BOOKMARK [2][-]{subsection.4.3}{Boxed and Unboxed Values}{section.4}% 13
\BOOKMARK [2][-]{subsection.4.4}{Parameter Passing}{section.4}% 14
\BOOKMARK [2][-]{subsection.4.5}{Inlining}{section.4}% 15
\BOOKMARK [2][-]{subsection.4.6}{Optimized Code}{section.4}% 16
\BOOKMARK [2][-]{subsection.4.7}{Register Allocation}{section.4}% 17
\BOOKMARK [2][-]{subsection.4.8}{Alignment}{section.4}% 18
\BOOKMARK [2][-]{subsection.4.9}{Deoptimization}{section.4}% 19
\BOOKMARK [2][-]{subsection.4.10}{Implementation for JavaScript and V8}{section.4}% 20
\BOOKMARK [1][-]{section.5}{Benchmarks}{}% 21
\BOOKMARK [2][-]{subsection.5.1}{Dart VM}{section.5}% 22
\BOOKMARK [2][-]{subsection.5.2}{V8}{section.5}% 23
\BOOKMARK [2][-]{subsection.5.3}{Discussion}{section.5}% 24
\BOOKMARK [1][-]{section.6}{Related Work}{}% 25
\BOOKMARK [2][-]{subsection.6.1}{C SSE Intrinsics}{section.6}% 26
\BOOKMARK [2][-]{subsection.6.2}{SIMD in C\043}{section.6}% 27
\BOOKMARK [2][-]{subsection.6.3}{Auto-Vectorization}{section.6}% 28
\BOOKMARK [1][-]{section.7}{Conclusions and Future Work}{}% 29
